\BOOKMARK [0][-]{section*.1}{\376\377\000D\000e\000c\000l\000a\000r\000a\000t\000i\000o\000n\000\040\000o\000f\000\040\000A\000u\000t\000h\000o\000r\000s\000h\000i\000p}{}% 1
\BOOKMARK [0][-]{section*.2}{\376\377\000A\000c\000k\000n\000o\000w\000l\000e\000d\000g\000e\000m\000e\000n\000t\000s}{}% 2
\BOOKMARK [0][-]{section*.3}{\376\377\000A\000b\000s\000t\000r\000a\000c\000t}{}% 3
\BOOKMARK [0][-]{chapter.7}{\376\377\000I\000n\000t\000r\000o\000d\000u\000c\000t\000i\000o\000n}{}% 4
\BOOKMARK [1][-]{section.8}{\376\377\000P\000r\000o\000j\000e\000c\000t\000\040\000m\000o\000t\000i\000v\000a\000t\000i\000o\000n}{chapter.7}% 5
\BOOKMARK [1][-]{section.10}{\376\377\000P\000r\000o\000j\000e\000c\000t\000\040\000o\000b\000j\000e\000c\000t\000i\000v\000e\000s}{chapter.7}% 6
\BOOKMARK [1][-]{section.11}{\376\377\000L\000i\000m\000i\000t\000a\000t\000i\000o\000n\000s\000\040\000o\000f\000\040\000s\000c\000o\000p\000e}{chapter.7}% 7
\BOOKMARK [1][-]{section.12}{\376\377\000D\000i\000s\000s\000e\000r\000t\000a\000t\000i\000o\000n\000\040\000o\000u\000t\000l\000i\000n\000e}{chapter.7}% 8
\BOOKMARK [0][-]{chapter.13}{\376\377\000L\000i\000t\000e\000r\000a\000t\000u\000r\000e\000\040\000r\000e\000s\000e\000a\000r\000c\000h}{}% 9
\BOOKMARK [1][-]{section.14}{\376\377\000C\000o\000m\000p\000a\000n\000y\000\040\000r\000e\000s\000e\000a\000r\000c\000h}{chapter.13}% 10
\BOOKMARK [2][-]{subsection.15}{\376\377\000M\000e\000e\000t\000i\000n\000g\000s}{section.14}% 11
\BOOKMARK [2][-]{subsection.17}{\376\377\000U\000s\000e\000r\000\040\000s\000t\000o\000r\000i\000e\000s}{section.14}% 12
\BOOKMARK [2][-]{subsection.19}{\376\377\000D\000o\000c\000u\000m\000e\000n\000t\000\040\000a\000c\000q\000u\000i\000s\000i\000t\000i\000o\000n}{section.14}% 13
\BOOKMARK [2][-]{subsection.21}{\376\377\000R\000e\000s\000u\000l\000t\000s\000\040\000o\000f\000\040\000r\000e\000s\000e\000a\000r\000c\000h}{section.14}% 14
\BOOKMARK [1][-]{section.22}{\376\377\000C\000o\000m\000p\000e\000t\000i\000t\000o\000r\000\040\000a\000n\000a\000l\000y\000s\000i\000s}{chapter.13}% 15
\BOOKMARK [0][-]{chapter.26}{\376\377\000M\000e\000t\000h\000o\000d\000o\000l\000o\000g\000y}{}% 16
\BOOKMARK [1][-]{section.27}{\376\377\000D\000e\000v\000e\000l\000o\000p\000m\000e\000n\000t\000\040\000t\000o\000o\000l\000s}{chapter.26}% 17
\BOOKMARK [2][-]{subsection.28}{\376\377\000O\000p\000e\000r\000a\000t\000i\000n\000g\000\040\000S\000y\000s\000t\000e\000m\000\040\040\023\000\040\000M\000a\000c\000O\000S}{section.27}% 18
\BOOKMARK [2][-]{subsection.30}{\376\377\000E\000d\000i\000t\000o\000r\000\040\000-\000\040\000V\000i\000s\000u\000a\000l\000\040\000S\000t\000u\000d\000i\000o\000\040\000C\000o\000d\000e}{section.27}% 19
\BOOKMARK [2][-]{subsection.32}{\376\377\000V\000e\000r\000s\000i\000o\000n\000\040\000C\000o\000n\000t\000r\000o\000l\000\040\040\023\000\040\000G\000i\000t\000\040\000a\000n\000d\000\040\000G\000i\000t\000H\000u\000b}{section.27}% 20
\BOOKMARK [2][-]{subsection.35}{\376\377\000W\000e\000b\000\040\000B\000r\000o\000w\000s\000e\000r\000\040\040\023\000\040\000F\000i\000r\000e\000f\000o\000x}{section.27}% 21
\BOOKMARK [2][-]{subsection.37}{\376\377\000A\000P\000I\000\040\000I\000n\000t\000e\000r\000a\000c\000t\000i\000o\000n\000\040\040\023\000\040\000P\000o\000s\000t\000m\000a\000n}{section.27}% 22
\BOOKMARK [2][-]{subsection.39}{\376\377\000D\000a\000t\000a\000b\000a\000s\000e\000\040\000M\000a\000n\000a\000g\000e\000m\000e\000n\000t\000\040\000S\000y\000s\000t\000e\000m\000\040\040\023\000\040\000P\000o\000s\000t\000g\000r\000e\000S\000Q\000L}{section.27}% 23
\BOOKMARK [2][-]{subsection.41}{\376\377\000D\000e\000p\000l\000o\000y\000m\000e\000n\000t\000\040\000-\000\040\000D\000o\000c\000k\000e\000r}{section.27}% 24
\BOOKMARK [2][-]{subsection.43}{\376\377\000P\000r\000o\000j\000e\000c\000t\000\040\000T\000r\000a\000c\000k\000i\000n\000g\000\040\040\023\000\040\000T\000r\000e\000l\000l\000o}{section.27}% 25
\BOOKMARK [1][-]{section.45}{\376\377\000D\000e\000v\000e\000l\000o\000p\000m\000e\000n\000t\000\040\000a\000p\000p\000r\000o\000a\000c\000h}{chapter.26}% 26
\BOOKMARK [0][-]{chapter.52}{\376\377\000P\000r\000o\000d\000u\000c\000t\000\040\000d\000e\000s\000c\000r\000i\000p\000t\000i\000o\000n}{}% 27
\BOOKMARK [1][-]{section.53}{\376\377\000S\000y\000s\000t\000e\000m\000\040\000r\000e\000q\000u\000i\000r\000e\000m\000e\000n\000t\000s}{chapter.52}% 28
\BOOKMARK [1][-]{section.58}{\376\377\000P\000r\000o\000b\000l\000e\000m\000\040\000s\000o\000l\000v\000i\000n\000g}{chapter.52}% 29
\BOOKMARK [1][-]{section.61}{\376\377\000S\000y\000s\000t\000e\000m\000\040\000a\000r\000c\000h\000i\000t\000e\000c\000t\000u\000r\000e}{chapter.52}% 30
\BOOKMARK [2][-]{subsection.62}{\376\377\000S\000o\000f\000t\000w\000a\000r\000e\000\040\000t\000y\000p\000e}{section.61}% 31
\BOOKMARK [2][-]{subsection.63}{\376\377\000S\000o\000f\000t\000w\000a\000r\000e\000\040\000s\000t\000r\000u\000c\000t\000u\000r\000e}{section.61}% 32
\BOOKMARK [1][-]{section.65}{\376\377\000D\000a\000t\000a\000b\000a\000s\000e\000\040\000d\000e\000s\000i\000g\000n}{chapter.52}% 33
\BOOKMARK [1][-]{section.67}{\376\377\000A\000P\000I\000\040\000d\000e\000s\000i\000g\000n}{chapter.52}% 34
\BOOKMARK [1][-]{section.70}{\376\377\000U\000s\000e\000r\000\040\000i\000n\000t\000e\000r\000f\000a\000c\000e\000\040\000d\000e\000s\000i\000g\000n}{chapter.52}% 35
\BOOKMARK [2][-]{subsection.71}{\376\377\000U\000s\000e\000r\000\040\000e\000x\000p\000e\000r\000i\000e\000n\000c\000e}{section.70}% 36
\BOOKMARK [2][-]{subsection.72}{\376\377\000W\000i\000r\000e\000f\000r\000a\000m\000e\000s}{section.70}% 37
\BOOKMARK [0][-]{chapter.80}{\376\377\000P\000r\000o\000j\000e\000c\000t\000\040\000m\000a\000n\000a\000g\000e\000m\000e\000n\000t}{}% 38
\BOOKMARK [1][-]{section.81}{\376\377\000P\000r\000o\000j\000e\000c\000t\000\040\000l\000i\000f\000e\000\040\000c\000y\000c\000l\000e}{chapter.80}% 39
\BOOKMARK [2][-]{subsection.82}{\376\377\000E\000n\000v\000i\000r\000o\000n\000m\000e\000n\000t\000\040\000s\000e\000t\000u\000p}{section.81}% 40
\BOOKMARK [2][-]{subsection.83}{\376\377\000M\000V\000P\000\040\000-\000\040\000L\000o\000g\000i\000n\000\040\000a\000n\000d\000\040\000M\000e\000m\000b\000e\000r\000s}{section.81}% 41
\BOOKMARK [2][-]{subsection.89}{\376\377\000S\000p\000r\000i\000n\000t\000\040\0001\000\040\000-\000\040\000L\000e\000s\000s\000o\000n\000s}{section.81}% 42
\BOOKMARK [2][-]{subsection.95}{\376\377\000S\000p\000r\000i\000n\000t\000\040\0002\000\040\000-\000\040\000L\000e\000s\000s\000o\000n\000\040\000P\000r\000i\000c\000i\000n\000g}{section.81}% 43
\BOOKMARK [2][-]{subsection.98}{\376\377\000S\000p\000r\000i\000n\000t\000\040\0003\000\040\000-\000\040\000L\000e\000s\000s\000o\000n\000\040\000P\000u\000r\000c\000h\000a\000s\000i\000n\000g}{section.81}% 44
\BOOKMARK [2][-]{subsection.100}{\376\377\000S\000p\000r\000i\000n\000t\000\040\0004\000\040\000-\000\040\000T\000o\000k\000e\000n\000s}{section.81}% 45
\BOOKMARK [2][-]{subsection.103}{\376\377\000S\000p\000r\000i\000n\000t\000\040\0005\000\040\000-\000\040\000A\000t\000t\000e\000n\000d\000a\000n\000c\000e}{section.81}% 46
\BOOKMARK [2][-]{subsection.105}{\376\377\000S\000p\000r\000i\000n\000t\000\040\0006\000\040\000-\000\040\000S\000t\000a\000t\000i\000s\000t\000i\000c\000s\000\040\000a\000n\000d\000\040\000M\000e\000t\000r\000i\000c\000s}{section.81}% 47
\BOOKMARK [2][-]{subsection.107}{\376\377\000S\000p\000r\000i\000n\000t\000\040\0007\000\040\000-\000\040\000F\000i\000n\000a\000l\000\040\000D\000e\000p\000l\000o\000y\000m\000e\000n\000t}{section.81}% 48
\BOOKMARK [2][-]{subsection.110}{\376\377\000S\000p\000r\000i\000n\000t\000\040\0008\000\040\000-\000\040\000B\000u\000g\000\040\000F\000i\000x\000i\000n\000g\000\040\000a\000n\000d\000\040\000R\000e\000p\000o\000r\000t}{section.81}% 49
\BOOKMARK [1][-]{section.111}{\376\377\000S\000o\000f\000t\000w\000a\000r\000e\000\040\000t\000e\000s\000t\000i\000n\000g}{chapter.80}% 50
\BOOKMARK [2][-]{subsection.112}{\376\377\000T\000e\000s\000t\000i\000n\000g\000\040\000m\000e\000t\000h\000o\000d\000s}{section.111}% 51
\BOOKMARK [2][-]{subsection.113}{\376\377\000C\000o\000d\000e\000\040\000v\000e\000r\000i\000f\000i\000c\000a\000t\000i\000o\000n}{section.111}% 52
\BOOKMARK [2][-]{subsection.114}{\376\377\000D\000a\000t\000a\000b\000a\000s\000e\000\040\000t\000e\000s\000t\000i\000n\000g}{section.111}% 53
\BOOKMARK [2][-]{subsection.115}{\376\377\000A\000P\000I\000\040\000t\000e\000s\000t\000i\000n\000g}{section.111}% 54
\BOOKMARK [2][-]{subsection.116}{\376\377\000U\000I\000\040\000t\000e\000s\000t\000i\000n\000g}{section.111}% 55
\BOOKMARK [1][-]{section.117}{\376\377\000R\000i\000s\000k\000\040\000m\000a\000n\000a\000g\000e\000m\000e\000n\000t}{chapter.80}% 56
\BOOKMARK [2][-]{subsection.118}{\376\377\000M\000i\000t\000i\000g\000a\000t\000i\000o\000n\000\040\000p\000l\000a\000n}{section.117}% 57
\BOOKMARK [2][-]{subsection.120}{\376\377\000P\000r\000o\000b\000l\000e\000m\000s\000\040\000f\000a\000c\000e\000d}{section.117}% 58
\BOOKMARK [0][-]{chapter.121}{\376\377\000P\000r\000o\000f\000e\000s\000s\000i\000o\000n\000a\000l\000\040\000i\000s\000s\000u\000e\000s}{}% 59
\BOOKMARK [1][-]{section.122}{\376\377\000D\000a\000t\000a\000\040\000p\000r\000o\000t\000e\000c\000t\000i\000o\000n}{chapter.121}% 60
\BOOKMARK [2][-]{subsection.123}{\376\377\000S\000y\000n\000t\000h\000e\000t\000i\000c\000\040\000d\000a\000t\000a}{section.122}% 61
\BOOKMARK [2][-]{subsection.124}{\376\377\000D\000a\000t\000a\000\040\000c\000a\000p\000t\000u\000r\000e}{section.122}% 62
\BOOKMARK [2][-]{subsection.125}{\376\377\000D\000a\000t\000a\000\040\000r\000e\000t\000e\000n\000t\000i\000o\000n}{section.122}% 63
\BOOKMARK [1][-]{section.126}{\376\377\000S\000o\000f\000t\000w\000a\000r\000e\000\040\000s\000e\000c\000u\000r\000i\000t\000y}{chapter.121}% 64
\BOOKMARK [2][-]{subsection.127}{\376\377\000S\000e\000c\000u\000r\000e\000\040\000d\000a\000t\000a\000\040\000t\000r\000a\000n\000s\000f\000e\000r}{section.126}% 65
\BOOKMARK [2][-]{subsection.128}{\376\377\000S\000Q\000L\000\040\000i\000n\000j\000e\000c\000t\000i\000o\000n\000\040\000a\000t\000t\000a\000c\000k}{section.126}% 66
\BOOKMARK [2][-]{subsection.129}{\376\377\000S\000e\000r\000v\000e\000r\000\040\000h\000a\000c\000k\000i\000n\000g}{section.126}% 67
\BOOKMARK [2][-]{subsection.130}{\376\377\000V\000u\000l\000n\000e\000r\000a\000b\000i\000l\000i\000t\000i\000e\000s}{section.126}% 68
\BOOKMARK [1][-]{section.131}{\376\377\000E\000t\000h\000i\000c\000a\000l\000\040\000c\000o\000n\000c\000e\000r\000n\000s}{chapter.121}% 69
\BOOKMARK [0][-]{chapter.132}{\376\377\000C\000o\000n\000c\000l\000u\000s\000i\000o\000n}{}% 70
\BOOKMARK [1][-]{section.133}{\376\377\000P\000r\000o\000j\000e\000c\000t\000\040\000s\000u\000m\000m\000a\000r\000y}{chapter.132}% 71
\BOOKMARK [1][-]{section.134}{\376\377\000P\000e\000r\000s\000o\000n\000a\000l\000\040\000r\000e\000f\000l\000e\000c\000t\000i\000o\000n}{chapter.132}% 72
\BOOKMARK [1][-]{section.135}{\376\377\000F\000u\000t\000u\000r\000e\000\040\000w\000o\000r\000k}{chapter.132}% 73
\BOOKMARK [0][-]{chapter*.136}{\376\377\000B\000i\000b\000l\000i\000o\000g\000r\000a\000p\000h\000y}{}% 74
\BOOKMARK [0][-]{appendix.137}{\376\377\000P\000r\000o\000j\000e\000c\000t\000\040\000L\000i\000n\000k\000s}{}% 75
\BOOKMARK [1][-]{section.138}{\376\377\000G\000i\000t\000h\000u\000b}{appendix.137}% 76
\BOOKMARK [1][-]{section.139}{\376\377\000D\000e\000p\000l\000o\000y\000e\000m\000n\000t}{appendix.137}% 77
\BOOKMARK [1][-]{section.140}{\376\377\000T\000r\000e\000l\000l\000o}{appendix.137}% 78
\BOOKMARK [1][-]{section.141}{\376\377\000T\000r\000e\000l\000l\000o}{appendix.137}% 79
\BOOKMARK [0][-]{appendix.142}{\376\377\000S\000u\000p\000e\000r\000v\000i\000s\000o\000r\000\040\000M\000e\000e\000t\000i\000n\000g\000\040\000N\000o\000t\000e\000s}{}% 80
\BOOKMARK [1][-]{section.143}{\376\377\0005\000t\000h\000\040\000O\000c\000t\000o\000b\000e\000r\000\040\0002\0000\0002\0002}{appendix.142}% 81
\BOOKMARK [1][-]{section.144}{\376\377\0001\0002\000t\000h\000\040\000O\000c\000t\000o\000b\000e\000r\000\040\0002\0000\0002\0002}{appendix.142}% 82
\BOOKMARK [1][-]{section.145}{\376\377\0002\0004\000t\000h\000\040\000O\000c\000t\000o\000b\000e\000r\000\040\0002\0000\0002\0002}{appendix.142}% 83
\BOOKMARK [1][-]{section.146}{\376\377\0007\000t\000h\000\040\000N\000o\000v\000e\000m\000b\000e\000r\000\040\0002\0000\0002\0002}{appendix.142}% 84
\BOOKMARK [1][-]{section.147}{\376\377\0002\0001\000s\000t\000\040\000N\000o\000v\000e\000m\000b\000e\000r\000\040\0002\0000\0002\0002}{appendix.142}% 85
\BOOKMARK [1][-]{section.148}{\376\377\0007\000t\000h\000\040\000D\000e\000c\000e\000m\000b\000e\000r\000\040\0002\0000\0002\0002}{appendix.142}% 86
\BOOKMARK [1][-]{section.149}{\376\377\0001\0004\000t\000h\000\040\000D\000e\000c\000e\000m\000b\000e\000r\000\040\0002\0000\0002\0002}{appendix.142}% 87
\BOOKMARK [1][-]{section.150}{\376\377\0001\0009\000t\000h\000\040\000D\000e\000c\000e\000m\000b\000e\000r\000\040\0002\0000\0002\0002}{appendix.142}% 88
\BOOKMARK [1][-]{section.151}{\376\377\0001\0007\000t\000h\000\040\000J\000a\000n\000u\000a\000r\000y\000\040\0002\0000\0002\0003}{appendix.142}% 89
\BOOKMARK [1][-]{section.152}{\376\377\0002\0007\000t\000h\000\040\000M\000a\000r\000c\000h\000\040\0002\0000\0002\0003}{appendix.142}% 90
\BOOKMARK [1][-]{section.153}{\376\377\0004\000t\000h\000\040\000A\000p\000r\000i\000l\000\040\0002\0000\0002\0003}{appendix.142}% 91
\BOOKMARK [1][-]{section.154}{\376\377\0001\0001\000t\000h\000\040\000A\000p\000r\000i\000l\000\040\0002\0000\0002\0003}{appendix.142}% 92
\BOOKMARK [1][-]{section.155}{\376\377\0001\0008\000t\000h\000\040\000A\000p\000r\000i\000l\000\040\0002\0000\0002\0003}{appendix.142}% 93
\BOOKMARK [1][-]{section.156}{\376\377\0002\0005\000t\000h\000\040\000A\000p\000r\000i\000l\000\040\0002\0000\0002\0003}{appendix.142}% 94
\BOOKMARK [1][-]{section.157}{\376\377\0002\000n\000d\000\040\000M\000a\000y\000\040\0002\0000\0002\0003}{appendix.142}% 95
\BOOKMARK [0][-]{appendix.158}{\376\377\000B\000u\000s\000i\000n\000e\000s\000s\000\040\000D\000o\000c\000u\000m\000e\000n\000t\000s\000\040\000a\000n\000d\000\040\000A\000s\000s\000e\000t\000s}{}% 96
\BOOKMARK [1][-]{section.159}{\376\377\000L\000o\000g\000o}{appendix.158}% 97
\BOOKMARK [1][-]{section.160}{\376\377\000C\000o\000l\000o\000u\000r\000\040\000s\000c\000h\000e\000m\000e}{appendix.158}% 98
\BOOKMARK [1][-]{section.161}{\376\377\000S\000i\000g\000n\000u\000p\000\040\000f\000o\000r\000m}{appendix.158}% 99
\BOOKMARK [1][-]{section.162}{\376\377\000P\000r\000i\000c\000e\000\040\000l\000i\000s\000t}{appendix.158}% 100
\BOOKMARK [1][-]{section.163}{\376\377\000A\000t\000t\000e\000n\000d\000a\000n\000c\000e\000\040\000S\000p\000r\000e\000a\000d\000s\000h\000e\000e\000t\000\040\000S\000a\000m\000p\000l\000e}{appendix.158}% 101
\BOOKMARK [1][-]{section.164}{\376\377\000W\000e\000b\000s\000i\000t\000e}{appendix.158}% 102
